\BOOKMARK [0][-]{section*.2}{\376\377\006\101\006\107\006\061\006\063\006\052\000\040\006\047\006\064\006\251\006\047\006\104}{}% 1
\BOOKMARK [0][-]{section*.3}{\376\377\006\101\006\107\006\061\006\063\006\052\000\040\006\054\006\057\006\047\006\110\006\104}{}% 2
\BOOKMARK [0][-]{chapter.1}{\376\377\006\105\006\102\006\057\006\105\006\107}{}% 3
\BOOKMARK [0][-]{chapter.2}{\376\377\006\105\006\101\006\047\006\107\006\314\006\105\000\040\006\052\006\046\006\110\006\061\006\314}{}% 4
\BOOKMARK [1][-]{section.2.1}{\376\377\006\061\006\110\006\064\040\014\006\107\006\047\006\314\000\040\006\047\006\106\006\052\006\056\006\047\006\050\000\040\006\110\006\314\006\230\006\257\006\314}{chapter.2}% 5
\BOOKMARK [2][-]{subsection.2.1.1}{\376\377\006\050\006\107\006\061\006\107\000\040\006\047\006\067\006\104\006\047\006\071\006\047\006\052\006\314}{section.2.1}% 6
\BOOKMARK [2][-]{subsection.2.1.2}{\376\377\006\064\006\047\006\056\006\065\000\040\006\054\006\314\006\106\006\314}{section.2.1}% 7
\BOOKMARK [2][-]{subsection.2.1.3}{\376\377\006\106\006\063\006\050\006\052\000\040\006\106\006\047\006\050\006\061\006\047\006\050\006\061\006\314}{section.2.1}% 8
\BOOKMARK [2][-]{subsection.2.1.4}{\376\377\006\105\006\071\006\314\006\047\006\061\000\040\006\062\006\047\006\046\006\057\006\314\000\040\006\251\006\105\006\314\006\106\006\107\000\040\006\064\006\050\006\047\006\107\006\052\000\040\006\050\006\314\006\064\006\314\006\106\006\107}{section.2.1}% 9
\BOOKMARK [0][-]{chapter.3}{\376\377\006\061\006\110\006\064\040\014\006\107\006\047\006\314\000\040\006\047\006\061\006\047\006\046\006\107\040\014\006\064\006\057\006\107}{}% 10
\BOOKMARK [1][-]{section.3.1}{\376\377\006\061\006\110\006\064\000\040\000I\000G\000F\000S\000S}{chapter.3}% 11
\BOOKMARK [2][-]{subsection.3.1.1}{\376\377\006\105\006\061\006\047\006\055\006\104\000\040\006\047\006\104\006\257\006\110\006\061\006\314\006\052\006\105}{section.3.1}% 12
\BOOKMARK [2][-]{subsection.3.1.2}{\376\377\006\105\006\053\006\047\006\104\000\040\006\110\000\040\006\052\006\055\006\104\006\314\006\104}{section.3.1}% 13
\BOOKMARK [1][-]{section.3.2}{\376\377\006\061\006\110\006\064\000\040\000M\000R\000D\000C}{chapter.3}% 14
\BOOKMARK [2][-]{subsection.3.2.1}{\376\377\006\105\006\061\006\047\006\055\006\104\000\040\006\047\006\104\006\257\006\110\006\061\006\314\006\052\006\105}{section.3.2}% 15
\BOOKMARK [2][-]{subsection.3.2.2}{\376\377\006\105\006\053\006\047\006\104\000\040\006\110\000\040\006\052\006\055\006\104\006\314\006\104}{section.3.2}% 16
\BOOKMARK [1][-]{section.3.3}{\376\377\006\061\006\110\006\064\000\040\006\050\006\061\006\176\006\047\006\314\006\107\000\040\006\047\006\104\006\257\006\110\006\061\006\314\006\052\006\105\000\040\006\230\006\106\006\052\006\314\006\251}{chapter.3}% 17
\BOOKMARK [0][-]{chapter.4}{\376\377\006\047\006\061\006\062\006\314\006\047\006\050\006\314\000\040\006\110\000\040\006\105\006\102\006\047\006\314\006\063\006\107}{}% 18
\BOOKMARK [1][-]{section.4.1}{\376\377\006\105\006\102\006\047\006\314\006\063\006\107\000\040\006\052\006\046\006\110\006\061\006\314}{chapter.4}% 19
\BOOKMARK [0][-]{chapter.5}{\376\377\006\054\006\105\006\071\040\014\006\050\006\106\006\057\006\314\000\040\006\110\000\040\006\106\006\052\006\314\006\054\006\107\040\014\006\257\006\314\006\061\006\314}{}% 20
\BOOKMARK [0][-]{appendix*.4}{\376\377\006\105\006\106\006\047\006\050\006\071\000\040\006\110\000\040\006\105\006\061\006\047\006\054\006\071}{}% 21
